
*** Running vivado
    with args -log Clock_div.vdi -applog -m64 -product Vivado -messageDb vivado.pb -mode batch -source Clock_div.tcl -notrace



****** Vivado v2022.2 (64-bit)
  **** SW Build 3671981 on Fri Oct 14 05:00:03 MDT 2022
  **** IP Build 3669848 on Fri Oct 14 08:30:02 MDT 2022
    ** Copyright 1986-2022 Xilinx, Inc. All Rights Reserved.

source Clock_div.tcl -notrace
Command: link_design -top Clock_div -part xc7z010clg400-1
Design is defaulting to srcset: sources_1
Design is defaulting to constrset: constrs_1
INFO: [Device 21-403] Loading part xc7z010clg400-1
Netlist sorting complete. Time (s): cpu = 00:00:00 ; elapsed = 00:00:00 . Memory (MB): peak = 800.250 ; gain = 0.000
INFO: [Netlist 29-17] Analyzing 7 Unisim elements for replacement
INFO: [Netlist 29-28] Unisim Transformation completed in 0 CPU seconds
INFO: [Project 1-479] Netlist was created with Vivado 2022.2
INFO: [Project 1-570] Preparing netlist for logic optimization
Parsing XDC File [C:/Users/athar/OneDrive/Documents/GitHub/lab-4-AtharvaPan265/Lab_4/Lab_4.srcs/constrs_1/new/Zybo_Master.xdc]
WARNING: [Vivado 12-584] No ports matched 'vga_r[0]'. [C:/Users/athar/OneDrive/Documents/GitHub/lab-4-AtharvaPan265/Lab_4/Lab_4.srcs/constrs_1/new/Zybo_Master.xdc:129]
CRITICAL WARNING: [Common 17-55] 'set_property' expects at least one object. [C:/Users/athar/OneDrive/Documents/GitHub/lab-4-AtharvaPan265/Lab_4/Lab_4.srcs/constrs_1/new/Zybo_Master.xdc:129]
Resolution: If [get_<value>] was used to populate the object, check to make sure this command returns at least one valid object.
WARNING: [Vivado 12-584] No ports matched 'vga_r[1]'. [C:/Users/athar/OneDrive/Documents/GitHub/lab-4-AtharvaPan265/Lab_4/Lab_4.srcs/constrs_1/new/Zybo_Master.xdc:130]
CRITICAL WARNING: [Common 17-55] 'set_property' expects at least one object. [C:/Users/athar/OneDrive/Documents/GitHub/lab-4-AtharvaPan265/Lab_4/Lab_4.srcs/constrs_1/new/Zybo_Master.xdc:130]
Resolution: If [get_<value>] was used to populate the object, check to make sure this command returns at least one valid object.
WARNING: [Vivado 12-584] No ports matched 'vga_r[2]'. [C:/Users/athar/OneDrive/Documents/GitHub/lab-4-AtharvaPan265/Lab_4/Lab_4.srcs/constrs_1/new/Zybo_Master.xdc:131]
CRITICAL WARNING: [Common 17-55] 'set_property' expects at least one object. [C:/Users/athar/OneDrive/Documents/GitHub/lab-4-AtharvaPan265/Lab_4/Lab_4.srcs/constrs_1/new/Zybo_Master.xdc:131]
Resolution: If [get_<value>] was used to populate the object, check to make sure this command returns at least one valid object.
WARNING: [Vivado 12-584] No ports matched 'vga_r[3]'. [C:/Users/athar/OneDrive/Documents/GitHub/lab-4-AtharvaPan265/Lab_4/Lab_4.srcs/constrs_1/new/Zybo_Master.xdc:132]
CRITICAL WARNING: [Common 17-55] 'set_property' expects at least one object. [C:/Users/athar/OneDrive/Documents/GitHub/lab-4-AtharvaPan265/Lab_4/Lab_4.srcs/constrs_1/new/Zybo_Master.xdc:132]
Resolution: If [get_<value>] was used to populate the object, check to make sure this command returns at least one valid object.
WARNING: [Vivado 12-584] No ports matched 'vga_r[4]'. [C:/Users/athar/OneDrive/Documents/GitHub/lab-4-AtharvaPan265/Lab_4/Lab_4.srcs/constrs_1/new/Zybo_Master.xdc:133]
CRITICAL WARNING: [Common 17-55] 'set_property' expects at least one object. [C:/Users/athar/OneDrive/Documents/GitHub/lab-4-AtharvaPan265/Lab_4/Lab_4.srcs/constrs_1/new/Zybo_Master.xdc:133]
Resolution: If [get_<value>] was used to populate the object, check to make sure this command returns at least one valid object.
WARNING: [Vivado 12-584] No ports matched 'vga_g[0]'. [C:/Users/athar/OneDrive/Documents/GitHub/lab-4-AtharvaPan265/Lab_4/Lab_4.srcs/constrs_1/new/Zybo_Master.xdc:134]
CRITICAL WARNING: [Common 17-55] 'set_property' expects at least one object. [C:/Users/athar/OneDrive/Documents/GitHub/lab-4-AtharvaPan265/Lab_4/Lab_4.srcs/constrs_1/new/Zybo_Master.xdc:134]
Resolution: If [get_<value>] was used to populate the object, check to make sure this command returns at least one valid object.
WARNING: [Vivado 12-584] No ports matched 'vga_g[1]'. [C:/Users/athar/OneDrive/Documents/GitHub/lab-4-AtharvaPan265/Lab_4/Lab_4.srcs/constrs_1/new/Zybo_Master.xdc:135]
CRITICAL WARNING: [Common 17-55] 'set_property' expects at least one object. [C:/Users/athar/OneDrive/Documents/GitHub/lab-4-AtharvaPan265/Lab_4/Lab_4.srcs/constrs_1/new/Zybo_Master.xdc:135]
Resolution: If [get_<value>] was used to populate the object, check to make sure this command returns at least one valid object.
WARNING: [Vivado 12-584] No ports matched 'vga_g[2]'. [C:/Users/athar/OneDrive/Documents/GitHub/lab-4-AtharvaPan265/Lab_4/Lab_4.srcs/constrs_1/new/Zybo_Master.xdc:136]
CRITICAL WARNING: [Common 17-55] 'set_property' expects at least one object. [C:/Users/athar/OneDrive/Documents/GitHub/lab-4-AtharvaPan265/Lab_4/Lab_4.srcs/constrs_1/new/Zybo_Master.xdc:136]
Resolution: If [get_<value>] was used to populate the object, check to make sure this command returns at least one valid object.
WARNING: [Vivado 12-584] No ports matched 'vga_g[3]'. [C:/Users/athar/OneDrive/Documents/GitHub/lab-4-AtharvaPan265/Lab_4/Lab_4.srcs/constrs_1/new/Zybo_Master.xdc:137]
CRITICAL WARNING: [Common 17-55] 'set_property' expects at least one object. [C:/Users/athar/OneDrive/Documents/GitHub/lab-4-AtharvaPan265/Lab_4/Lab_4.srcs/constrs_1/new/Zybo_Master.xdc:137]
Resolution: If [get_<value>] was used to populate the object, check to make sure this command returns at least one valid object.
WARNING: [Vivado 12-584] No ports matched 'vga_g[4]'. [C:/Users/athar/OneDrive/Documents/GitHub/lab-4-AtharvaPan265/Lab_4/Lab_4.srcs/constrs_1/new/Zybo_Master.xdc:138]
CRITICAL WARNING: [Common 17-55] 'set_property' expects at least one object. [C:/Users/athar/OneDrive/Documents/GitHub/lab-4-AtharvaPan265/Lab_4/Lab_4.srcs/constrs_1/new/Zybo_Master.xdc:138]
Resolution: If [get_<value>] was used to populate the object, check to make sure this command returns at least one valid object.
WARNING: [Vivado 12-584] No ports matched 'vga_g[5]'. [C:/Users/athar/OneDrive/Documents/GitHub/lab-4-AtharvaPan265/Lab_4/Lab_4.srcs/constrs_1/new/Zybo_Master.xdc:139]
CRITICAL WARNING: [Common 17-55] 'set_property' expects at least one object. [C:/Users/athar/OneDrive/Documents/GitHub/lab-4-AtharvaPan265/Lab_4/Lab_4.srcs/constrs_1/new/Zybo_Master.xdc:139]
Resolution: If [get_<value>] was used to populate the object, check to make sure this command returns at least one valid object.
WARNING: [Vivado 12-584] No ports matched 'vga_b[0]'. [C:/Users/athar/OneDrive/Documents/GitHub/lab-4-AtharvaPan265/Lab_4/Lab_4.srcs/constrs_1/new/Zybo_Master.xdc:140]
CRITICAL WARNING: [Common 17-55] 'set_property' expects at least one object. [C:/Users/athar/OneDrive/Documents/GitHub/lab-4-AtharvaPan265/Lab_4/Lab_4.srcs/constrs_1/new/Zybo_Master.xdc:140]
Resolution: If [get_<value>] was used to populate the object, check to make sure this command returns at least one valid object.
WARNING: [Vivado 12-584] No ports matched 'vga_b[1]'. [C:/Users/athar/OneDrive/Documents/GitHub/lab-4-AtharvaPan265/Lab_4/Lab_4.srcs/constrs_1/new/Zybo_Master.xdc:141]
CRITICAL WARNING: [Common 17-55] 'set_property' expects at least one object. [C:/Users/athar/OneDrive/Documents/GitHub/lab-4-AtharvaPan265/Lab_4/Lab_4.srcs/constrs_1/new/Zybo_Master.xdc:141]
Resolution: If [get_<value>] was used to populate the object, check to make sure this command returns at least one valid object.
WARNING: [Vivado 12-584] No ports matched 'vga_b[2]'. [C:/Users/athar/OneDrive/Documents/GitHub/lab-4-AtharvaPan265/Lab_4/Lab_4.srcs/constrs_1/new/Zybo_Master.xdc:142]
CRITICAL WARNING: [Common 17-55] 'set_property' expects at least one object. [C:/Users/athar/OneDrive/Documents/GitHub/lab-4-AtharvaPan265/Lab_4/Lab_4.srcs/constrs_1/new/Zybo_Master.xdc:142]
Resolution: If [get_<value>] was used to populate the object, check to make sure this command returns at least one valid object.
WARNING: [Vivado 12-584] No ports matched 'vga_b[3]'. [C:/Users/athar/OneDrive/Documents/GitHub/lab-4-AtharvaPan265/Lab_4/Lab_4.srcs/constrs_1/new/Zybo_Master.xdc:143]
CRITICAL WARNING: [Common 17-55] 'set_property' expects at least one object. [C:/Users/athar/OneDrive/Documents/GitHub/lab-4-AtharvaPan265/Lab_4/Lab_4.srcs/constrs_1/new/Zybo_Master.xdc:143]
Resolution: If [get_<value>] was used to populate the object, check to make sure this command returns at least one valid object.
WARNING: [Vivado 12-584] No ports matched 'vga_b[4]'. [C:/Users/athar/OneDrive/Documents/GitHub/lab-4-AtharvaPan265/Lab_4/Lab_4.srcs/constrs_1/new/Zybo_Master.xdc:144]
CRITICAL WARNING: [Common 17-55] 'set_property' expects at least one object. [C:/Users/athar/OneDrive/Documents/GitHub/lab-4-AtharvaPan265/Lab_4/Lab_4.srcs/constrs_1/new/Zybo_Master.xdc:144]
Resolution: If [get_<value>] was used to populate the object, check to make sure this command returns at least one valid object.
WARNING: [Vivado 12-584] No ports matched 'vga_hs'. [C:/Users/athar/OneDrive/Documents/GitHub/lab-4-AtharvaPan265/Lab_4/Lab_4.srcs/constrs_1/new/Zybo_Master.xdc:145]
CRITICAL WARNING: [Common 17-55] 'set_property' expects at least one object. [C:/Users/athar/OneDrive/Documents/GitHub/lab-4-AtharvaPan265/Lab_4/Lab_4.srcs/constrs_1/new/Zybo_Master.xdc:145]
Resolution: If [get_<value>] was used to populate the object, check to make sure this command returns at least one valid object.
WARNING: [Vivado 12-584] No ports matched 'vga_vs'. [C:/Users/athar/OneDrive/Documents/GitHub/lab-4-AtharvaPan265/Lab_4/Lab_4.srcs/constrs_1/new/Zybo_Master.xdc:146]
CRITICAL WARNING: [Common 17-55] 'set_property' expects at least one object. [C:/Users/athar/OneDrive/Documents/GitHub/lab-4-AtharvaPan265/Lab_4/Lab_4.srcs/constrs_1/new/Zybo_Master.xdc:146]
Resolution: If [get_<value>] was used to populate the object, check to make sure this command returns at least one valid object.
Finished Parsing XDC File [C:/Users/athar/OneDrive/Documents/GitHub/lab-4-AtharvaPan265/Lab_4/Lab_4.srcs/constrs_1/new/Zybo_Master.xdc]
INFO: [Opt 31-138] Pushed 0 inverter(s) to 0 load pin(s).
Netlist sorting complete. Time (s): cpu = 00:00:00 ; elapsed = 00:00:00 . Memory (MB): peak = 932.812 ; gain = 0.000
INFO: [Project 1-111] Unisim Transformation Summary:
No Unisim elements were transformed.

7 Infos, 18 Warnings, 18 Critical Warnings and 0 Errors encountered.
link_design completed successfully
link_design: Time (s): cpu = 00:00:04 ; elapsed = 00:00:06 . Memory (MB): peak = 936.848 ; gain = 537.090
Command: opt_design
Attempting to get a license for feature 'Implementation' and/or device 'xc7z010'
INFO: [Common 17-349] Got license for feature 'Implementation' and/or device 'xc7z010'
Running DRC as a precondition to command opt_design

Starting DRC Task
INFO: [DRC 23-27] Running DRC with 2 threads
INFO: [Project 1-461] DRC finished with 0 Errors
INFO: [Project 1-462] Please refer to the DRC report (report_drc) for more information.

Time (s): cpu = 00:00:01 ; elapsed = 00:00:00.918 . Memory (MB): peak = 955.789 ; gain = 18.941

Starting Cache Timing Information Task
INFO: [Timing 38-35] Done setting XDC timing constraints.
Ending Cache Timing Information Task | Checksum: 1de2c9f0f

Time (s): cpu = 00:00:03 ; elapsed = 00:00:07 . Memory (MB): peak = 1463.391 ; gain = 507.602

Starting Logic Optimization Task

Phase 1 Retarget
INFO: [Opt 31-138] Pushed 0 inverter(s) to 0 load pin(s).
INFO: [Opt 31-49] Retargeted 0 cell(s).
Phase 1 Retarget | Checksum: 1de2c9f0f

Time (s): cpu = 00:00:00 ; elapsed = 00:00:00.009 . Memory (MB): peak = 1798.641 ; gain = 0.000
INFO: [Opt 31-389] Phase Retarget created 0 cells and removed 0 cells

Phase 2 Constant propagation
INFO: [Opt 31-138] Pushed 0 inverter(s) to 0 load pin(s).
Phase 2 Constant propagation | Checksum: 1de2c9f0f

Time (s): cpu = 00:00:00 ; elapsed = 00:00:00.009 . Memory (MB): peak = 1798.641 ; gain = 0.000
INFO: [Opt 31-389] Phase Constant propagation created 0 cells and removed 0 cells

Phase 3 Sweep
Phase 3 Sweep | Checksum: 15dea2633

Time (s): cpu = 00:00:00 ; elapsed = 00:00:00.011 . Memory (MB): peak = 1798.641 ; gain = 0.000
INFO: [Opt 31-389] Phase Sweep created 0 cells and removed 0 cells

Phase 4 BUFG optimization
Phase 4 BUFG optimization | Checksum: 15dea2633

Time (s): cpu = 00:00:00 ; elapsed = 00:00:00.049 . Memory (MB): peak = 1798.641 ; gain = 0.000
INFO: [Opt 31-662] Phase BUFG optimization created 0 cells of which 0 are BUFGs and removed 0 cells.

Phase 5 Shift Register Optimization
INFO: [Opt 31-1064] SRL Remap converted 0 SRLs to 0 registers and converted 0 registers of register chains to 0 SRLs
Phase 5 Shift Register Optimization | Checksum: 15dea2633

Time (s): cpu = 00:00:00 ; elapsed = 00:00:00.049 . Memory (MB): peak = 1798.641 ; gain = 0.000
INFO: [Opt 31-389] Phase Shift Register Optimization created 0 cells and removed 0 cells

Phase 6 Post Processing Netlist
Phase 6 Post Processing Netlist | Checksum: 15dea2633

Time (s): cpu = 00:00:00 ; elapsed = 00:00:00.050 . Memory (MB): peak = 1798.641 ; gain = 0.000
INFO: [Opt 31-389] Phase Post Processing Netlist created 0 cells and removed 0 cells
Opt_design Change Summary
=========================


-------------------------------------------------------------------------------------------------------------------------
|  Phase                        |  #Cells created  |  #Cells Removed  |  #Constrained objects preventing optimizations  |
-------------------------------------------------------------------------------------------------------------------------
|  Retarget                     |               0  |               0  |                                              0  |
|  Constant propagation         |               0  |               0  |                                              0  |
|  Sweep                        |               0  |               0  |                                              0  |
|  BUFG optimization            |               0  |               0  |                                              0  |
|  Shift Register Optimization  |               0  |               0  |                                              0  |
|  Post Processing Netlist      |               0  |               0  |                                              0  |
-------------------------------------------------------------------------------------------------------------------------



Starting Connectivity Check Task

Time (s): cpu = 00:00:00 ; elapsed = 00:00:00 . Memory (MB): peak = 1798.641 ; gain = 0.000
Ending Logic Optimization Task | Checksum: 19a03d5c8

Time (s): cpu = 00:00:00 ; elapsed = 00:00:00.055 . Memory (MB): peak = 1798.641 ; gain = 0.000

Starting Power Optimization Task
INFO: [Pwropt 34-132] Skipping clock gating for clocks with a period < 2.00 ns.
Ending Power Optimization Task | Checksum: 19a03d5c8

Time (s): cpu = 00:00:00 ; elapsed = 00:00:00.007 . Memory (MB): peak = 1798.641 ; gain = 0.000

Starting Final Cleanup Task
Ending Final Cleanup Task | Checksum: 19a03d5c8

Time (s): cpu = 00:00:00 ; elapsed = 00:00:00.001 . Memory (MB): peak = 1798.641 ; gain = 0.000

Starting Netlist Obfuscation Task
Netlist sorting complete. Time (s): cpu = 00:00:00 ; elapsed = 00:00:00 . Memory (MB): peak = 1798.641 ; gain = 0.000
Ending Netlist Obfuscation Task | Checksum: 19a03d5c8

Time (s): cpu = 00:00:00 ; elapsed = 00:00:00 . Memory (MB): peak = 1798.641 ; gain = 0.000
INFO: [Common 17-83] Releasing license: Implementation
24 Infos, 18 Warnings, 18 Critical Warnings and 0 Errors encountered.
opt_design completed successfully
opt_design: Time (s): cpu = 00:00:06 ; elapsed = 00:00:10 . Memory (MB): peak = 1798.641 ; gain = 861.793
INFO: [Timing 38-480] Writing timing data to binary archive.
Writing XDEF routing.
Writing XDEF routing logical nets.
Writing XDEF routing special nets.
Write XDEF Complete: Time (s): cpu = 00:00:00 ; elapsed = 00:00:00.039 . Memory (MB): peak = 1798.641 ; gain = 0.000
INFO: [Common 17-1381] The checkpoint 'C:/Users/athar/OneDrive/Documents/GitHub/lab-4-AtharvaPan265/Lab_4/Lab_4.runs/impl_1/Clock_div_opt.dcp' has been generated.
INFO: [runtcl-4] Executing : report_drc -file Clock_div_drc_opted.rpt -pb Clock_div_drc_opted.pb -rpx Clock_div_drc_opted.rpx
Command: report_drc -file Clock_div_drc_opted.rpt -pb Clock_div_drc_opted.pb -rpx Clock_div_drc_opted.rpx
INFO: [IP_Flow 19-234] Refreshing IP repositories
INFO: [IP_Flow 19-1704] No user IP repositories specified
INFO: [IP_Flow 19-2313] Loaded Vivado IP repository 'C:/Xilinx/Vivado/2022.2/data/ip'.
INFO: [DRC 23-27] Running DRC with 2 threads
INFO: [Vivado_Tcl 2-168] The results of DRC are in file C:/Users/athar/OneDrive/Documents/GitHub/lab-4-AtharvaPan265/Lab_4/Lab_4.runs/impl_1/Clock_div_drc_opted.rpt.
report_drc completed successfully
Command: place_design
Attempting to get a license for feature 'Implementation' and/or device 'xc7z010'
INFO: [Common 17-349] Got license for feature 'Implementation' and/or device 'xc7z010'
INFO: [DRC 23-27] Running DRC with 2 threads
INFO: [Vivado_Tcl 4-198] DRC finished with 0 Errors
INFO: [Vivado_Tcl 4-199] Please refer to the DRC report (report_drc) for more information.
Running DRC as a precondition to command place_design
INFO: [DRC 23-27] Running DRC with 2 threads
INFO: [Vivado_Tcl 4-198] DRC finished with 0 Errors
INFO: [Vivado_Tcl 4-199] Please refer to the DRC report (report_drc) for more information.

Starting Placer Task
INFO: [Place 30-611] Multithreading enabled for place_design using a maximum of 2 CPUs

Phase 1 Placer Initialization

Phase 1.1 Placer Initialization Netlist Sorting
Netlist sorting complete. Time (s): cpu = 00:00:00 ; elapsed = 00:00:00 . Memory (MB): peak = 1798.641 ; gain = 0.000
Phase 1.1 Placer Initialization Netlist Sorting | Checksum: 12d4138d6

Time (s): cpu = 00:00:00 ; elapsed = 00:00:00.005 . Memory (MB): peak = 1798.641 ; gain = 0.000
Netlist sorting complete. Time (s): cpu = 00:00:00 ; elapsed = 00:00:00 . Memory (MB): peak = 1798.641 ; gain = 0.000

Phase 1.2 IO Placement/ Clock Placement/ Build Placer Device
INFO: [Timing 38-35] Done setting XDC timing constraints.
Phase 1.2 IO Placement/ Clock Placement/ Build Placer Device | Checksum: 11ae0d293

Time (s): cpu = 00:00:00 ; elapsed = 00:00:00.092 . Memory (MB): peak = 1798.641 ; gain = 0.000

Phase 1.3 Build Placer Netlist Model
Phase 1.3 Build Placer Netlist Model | Checksum: 19a67aa29

Time (s): cpu = 00:00:00 ; elapsed = 00:00:00.162 . Memory (MB): peak = 1798.641 ; gain = 0.000

Phase 1.4 Constrain Clocks/Macros
Phase 1.4 Constrain Clocks/Macros | Checksum: 19a67aa29

Time (s): cpu = 00:00:00 ; elapsed = 00:00:00.163 . Memory (MB): peak = 1798.641 ; gain = 0.000
Phase 1 Placer Initialization | Checksum: 19a67aa29

Time (s): cpu = 00:00:00 ; elapsed = 00:00:00.164 . Memory (MB): peak = 1798.641 ; gain = 0.000

Phase 2 Global Placement

Phase 2.1 Floorplanning
Phase 2.1 Floorplanning | Checksum: 1a6f92294

Time (s): cpu = 00:00:00 ; elapsed = 00:00:00.268 . Memory (MB): peak = 1798.641 ; gain = 0.000

Phase 2.2 Update Timing before SLR Path Opt
Phase 2.2 Update Timing before SLR Path Opt | Checksum: 15a70bde5

Time (s): cpu = 00:00:00 ; elapsed = 00:00:00.326 . Memory (MB): peak = 1798.641 ; gain = 0.000

Phase 2.3 Post-Processing in Floorplanning
Phase 2.3 Post-Processing in Floorplanning | Checksum: 15a70bde5

Time (s): cpu = 00:00:00 ; elapsed = 00:00:00.326 . Memory (MB): peak = 1798.641 ; gain = 0.000

Phase 2.4 Global Placement Core

Phase 2.4.1 UpdateTiming Before Physical Synthesis
Phase 2.4.1 UpdateTiming Before Physical Synthesis | Checksum: 1f76d450e

Time (s): cpu = 00:00:01 ; elapsed = 00:00:00.981 . Memory (MB): peak = 1798.641 ; gain = 0.000

Phase 2.4.2 Physical Synthesis In Placer
INFO: [Physopt 32-1044] Break lutnm for timing: one critical 0, two critical 0, total 0, new lutff created 0
INFO: [Physopt 32-1138] End 1 Pass. Optimized 0 net or LUT. Breaked 0 LUT, combined 0 existing LUT and moved 0 existing LUT
INFO: [Physopt 32-65] No nets found for high-fanout optimization.
INFO: [Physopt 32-232] Optimized 0 net. Created 0 new instance.
INFO: [Physopt 32-775] End 1 Pass. Optimized 0 net or cell. Created 0 new cell, deleted 0 existing cell and moved 0 existing cell
INFO: [Physopt 32-670] No setup violation found.  DSP Register Optimization was not performed.
INFO: [Physopt 32-670] No setup violation found.  Shift Register to Pipeline Optimization was not performed.
INFO: [Physopt 32-670] No setup violation found.  Shift Register Optimization was not performed.
INFO: [Physopt 32-670] No setup violation found.  BRAM Register Optimization was not performed.
INFO: [Physopt 32-670] No setup violation found.  URAM Register Optimization was not performed.
INFO: [Physopt 32-949] No candidate nets found for dynamic/static region interface net replication
INFO: [Physopt 32-775] End 1 Pass. Optimized 0 net or cell. Created 0 new cell, deleted 0 existing cell and moved 0 existing cell
Netlist sorting complete. Time (s): cpu = 00:00:00 ; elapsed = 00:00:00 . Memory (MB): peak = 1798.641 ; gain = 0.000

Summary of Physical Synthesis Optimizations
============================================


-----------------------------------------------------------------------------------------------------------------------------------------------------------
|  Optimization                                     |  Added Cells  |  Removed Cells  |  Optimized Cells/Nets  |  Dont Touch  |  Iterations  |  Elapsed   |
-----------------------------------------------------------------------------------------------------------------------------------------------------------
|  LUT Combining                                    |            0  |              0  |                     0  |           0  |           1  |  00:00:00  |
|  Retime                                           |            0  |              0  |                     0  |           0  |           1  |  00:00:00  |
|  Very High Fanout                                 |            0  |              0  |                     0  |           0  |           1  |  00:00:00  |
|  DSP Register                                     |            0  |              0  |                     0  |           0  |           0  |  00:00:00  |
|  Shift Register to Pipeline                       |            0  |              0  |                     0  |           0  |           0  |  00:00:00  |
|  Shift Register                                   |            0  |              0  |                     0  |           0  |           0  |  00:00:00  |
|  BRAM Register                                    |            0  |              0  |                     0  |           0  |           0  |  00:00:00  |
|  URAM Register                                    |            0  |              0  |                     0  |           0  |           0  |  00:00:00  |
|  Dynamic/Static Region Interface Net Replication  |            0  |              0  |                     0  |           0  |           1  |  00:00:00  |
|  Total                                            |            0  |              0  |                     0  |           0  |           4  |  00:00:00  |
-----------------------------------------------------------------------------------------------------------------------------------------------------------


Phase 2.4.2 Physical Synthesis In Placer | Checksum: 1f76d450e

Time (s): cpu = 00:00:01 ; elapsed = 00:00:01 . Memory (MB): peak = 1798.641 ; gain = 0.000
Phase 2.4 Global Placement Core | Checksum: 1b3f48965

Time (s): cpu = 00:00:01 ; elapsed = 00:00:01 . Memory (MB): peak = 1798.641 ; gain = 0.000
Phase 2 Global Placement | Checksum: 1b3f48965

Time (s): cpu = 00:00:01 ; elapsed = 00:00:01 . Memory (MB): peak = 1798.641 ; gain = 0.000

Phase 3 Detail Placement

Phase 3.1 Commit Multi Column Macros
Phase 3.1 Commit Multi Column Macros | Checksum: 1fd75c2cf

Time (s): cpu = 00:00:01 ; elapsed = 00:00:01 . Memory (MB): peak = 1798.641 ; gain = 0.000

Phase 3.2 Commit Most Macros & LUTRAMs
Phase 3.2 Commit Most Macros & LUTRAMs | Checksum: 192636c7b

Time (s): cpu = 00:00:01 ; elapsed = 00:00:01 . Memory (MB): peak = 1798.641 ; gain = 0.000

Phase 3.3 Area Swap Optimization
Phase 3.3 Area Swap Optimization | Checksum: 23c82732e

Time (s): cpu = 00:00:01 ; elapsed = 00:00:01 . Memory (MB): peak = 1798.641 ; gain = 0.000

Phase 3.4 Pipeline Register Optimization
Phase 3.4 Pipeline Register Optimization | Checksum: 1e9f0bed6

Time (s): cpu = 00:00:01 ; elapsed = 00:00:01 . Memory (MB): peak = 1798.641 ; gain = 0.000

Phase 3.5 Small Shape Detail Placement
Phase 3.5 Small Shape Detail Placement | Checksum: 1d3cec03d

Time (s): cpu = 00:00:01 ; elapsed = 00:00:01 . Memory (MB): peak = 1798.641 ; gain = 0.000

Phase 3.6 Re-assign LUT pins
Phase 3.6 Re-assign LUT pins | Checksum: 1d3cec03d

Time (s): cpu = 00:00:01 ; elapsed = 00:00:01 . Memory (MB): peak = 1798.641 ; gain = 0.000

Phase 3.7 Pipeline Register Optimization
Phase 3.7 Pipeline Register Optimization | Checksum: 2027d4475

Time (s): cpu = 00:00:01 ; elapsed = 00:00:01 . Memory (MB): peak = 1798.641 ; gain = 0.000
Phase 3 Detail Placement | Checksum: 2027d4475

Time (s): cpu = 00:00:01 ; elapsed = 00:00:01 . Memory (MB): peak = 1798.641 ; gain = 0.000

Phase 4 Post Placement Optimization and Clean-Up

Phase 4.1 Post Commit Optimization
INFO: [Timing 38-35] Done setting XDC timing constraints.

Phase 4.1.1 Post Placement Optimization
Post Placement Optimization Initialization | Checksum: 1cc4c2160

Phase 4.1.1.1 BUFG Insertion

Starting Physical Synthesis Task

Phase 1 Physical Synthesis Initialization
INFO: [Physopt 32-721] Multithreading enabled for phys_opt_design using a maximum of 2 CPUs
INFO: [Physopt 32-619] Estimated Timing Summary | WNS=4.142 | TNS=0.000 |
Phase 1 Physical Synthesis Initialization | Checksum: 16811b902

Time (s): cpu = 00:00:00 ; elapsed = 00:00:00.006 . Memory (MB): peak = 1798.641 ; gain = 0.000
INFO: [Place 46-56] BUFG insertion identified 0 candidate nets. Inserted BUFG: 0, Replicated BUFG Driver: 0, Skipped due to Placement/Routing Conflicts: 0, Skipped due to Timing Degradation: 0, Skipped due to Illegal Netlist: 0.
Ending Physical Synthesis Task | Checksum: 1e5004eed

Time (s): cpu = 00:00:00 ; elapsed = 00:00:00.007 . Memory (MB): peak = 1798.641 ; gain = 0.000
Phase 4.1.1.1 BUFG Insertion | Checksum: 1cc4c2160

Time (s): cpu = 00:00:01 ; elapsed = 00:00:01 . Memory (MB): peak = 1798.641 ; gain = 0.000

Phase 4.1.1.2 Post Placement Timing Optimization
INFO: [Place 30-746] Post Placement Timing Summary WNS=4.142. For the most accurate timing information please run report_timing.
Phase 4.1.1.2 Post Placement Timing Optimization | Checksum: 2213e06c4

Time (s): cpu = 00:00:01 ; elapsed = 00:00:01 . Memory (MB): peak = 1798.641 ; gain = 0.000

Time (s): cpu = 00:00:01 ; elapsed = 00:00:01 . Memory (MB): peak = 1798.641 ; gain = 0.000
Phase 4.1 Post Commit Optimization | Checksum: 2213e06c4

Time (s): cpu = 00:00:01 ; elapsed = 00:00:01 . Memory (MB): peak = 1798.641 ; gain = 0.000

Phase 4.2 Post Placement Cleanup
Phase 4.2 Post Placement Cleanup | Checksum: 2213e06c4

Time (s): cpu = 00:00:01 ; elapsed = 00:00:01 . Memory (MB): peak = 1798.641 ; gain = 0.000

Phase 4.3 Placer Reporting

Phase 4.3.1 Print Estimated Congestion
INFO: [Place 30-612] Post-Placement Estimated Congestion 
 ____________________________________________________
|           | Global Congestion | Short Congestion  |
| Direction | Region Size       | Region Size       |
|___________|___________________|___________________|
|      North|                1x1|                1x1|
|___________|___________________|___________________|
|      South|                1x1|                1x1|
|___________|___________________|___________________|
|       East|                1x1|                1x1|
|___________|___________________|___________________|
|       West|                1x1|                1x1|
|___________|___________________|___________________|

Phase 4.3.1 Print Estimated Congestion | Checksum: 2213e06c4

Time (s): cpu = 00:00:01 ; elapsed = 00:00:01 . Memory (MB): peak = 1798.641 ; gain = 0.000
Phase 4.3 Placer Reporting | Checksum: 2213e06c4

Time (s): cpu = 00:00:01 ; elapsed = 00:00:01 . Memory (MB): peak = 1798.641 ; gain = 0.000

Phase 4.4 Final Placement Cleanup
Netlist sorting complete. Time (s): cpu = 00:00:00 ; elapsed = 00:00:00 . Memory (MB): peak = 1798.641 ; gain = 0.000

Time (s): cpu = 00:00:01 ; elapsed = 00:00:01 . Memory (MB): peak = 1798.641 ; gain = 0.000
Phase 4 Post Placement Optimization and Clean-Up | Checksum: 2213e06c4

Time (s): cpu = 00:00:01 ; elapsed = 00:00:01 . Memory (MB): peak = 1798.641 ; gain = 0.000
Ending Placer Task | Checksum: 1783db1fb

Time (s): cpu = 00:00:01 ; elapsed = 00:00:01 . Memory (MB): peak = 1798.641 ; gain = 0.000
INFO: [Common 17-83] Releasing license: Implementation
60 Infos, 18 Warnings, 18 Critical Warnings and 0 Errors encountered.
place_design completed successfully
INFO: [Timing 38-480] Writing timing data to binary archive.
Writing XDEF routing.
Writing XDEF routing logical nets.
Writing XDEF routing special nets.
Write XDEF Complete: Time (s): cpu = 00:00:00 ; elapsed = 00:00:00.047 . Memory (MB): peak = 1798.641 ; gain = 0.000
INFO: [Common 17-1381] The checkpoint 'C:/Users/athar/OneDrive/Documents/GitHub/lab-4-AtharvaPan265/Lab_4/Lab_4.runs/impl_1/Clock_div_placed.dcp' has been generated.
INFO: [runtcl-4] Executing : report_io -file Clock_div_io_placed.rpt
report_io: Time (s): cpu = 00:00:00 ; elapsed = 00:00:00.054 . Memory (MB): peak = 1798.641 ; gain = 0.000
INFO: [runtcl-4] Executing : report_utilization -file Clock_div_utilization_placed.rpt -pb Clock_div_utilization_placed.pb
INFO: [runtcl-4] Executing : report_control_sets -verbose -file Clock_div_control_sets_placed.rpt
report_control_sets: Time (s): cpu = 00:00:00 ; elapsed = 00:00:00.002 . Memory (MB): peak = 1798.641 ; gain = 0.000
Command: phys_opt_design
Attempting to get a license for feature 'Implementation' and/or device 'xc7z010'
INFO: [Common 17-349] Got license for feature 'Implementation' and/or device 'xc7z010'

Starting Initial Update Timing Task

Time (s): cpu = 00:00:00 ; elapsed = 00:00:00.016 . Memory (MB): peak = 1798.641 ; gain = 0.000
INFO: [Vivado_Tcl 4-383] Design worst setup slack (WNS) is greater than or equal to 0.000 ns. Skipping all physical synthesis optimizations.
INFO: [Vivado_Tcl 4-232] No setup violation found. The netlist was not modified.
INFO: [Common 17-83] Releasing license: Implementation
69 Infos, 18 Warnings, 18 Critical Warnings and 0 Errors encountered.
phys_opt_design completed successfully
INFO: [Timing 38-480] Writing timing data to binary archive.
Writing XDEF routing.
Writing XDEF routing logical nets.
Writing XDEF routing special nets.
Write XDEF Complete: Time (s): cpu = 00:00:00 ; elapsed = 00:00:00.046 . Memory (MB): peak = 1813.062 ; gain = 14.422
INFO: [Common 17-1381] The checkpoint 'C:/Users/athar/OneDrive/Documents/GitHub/lab-4-AtharvaPan265/Lab_4/Lab_4.runs/impl_1/Clock_div_physopt.dcp' has been generated.
Command: route_design
Attempting to get a license for feature 'Implementation' and/or device 'xc7z010'
INFO: [Common 17-349] Got license for feature 'Implementation' and/or device 'xc7z010'
Running DRC as a precondition to command route_design
INFO: [DRC 23-27] Running DRC with 2 threads
INFO: [Vivado_Tcl 4-198] DRC finished with 0 Errors
INFO: [Vivado_Tcl 4-199] Please refer to the DRC report (report_drc) for more information.


Starting Routing Task
INFO: [Route 35-254] Multithreading enabled for route_design using a maximum of 2 CPUs

Phase 1 Build RT Design
Checksum: PlaceDB: d0fd0550 ConstDB: 0 ShapeSum: a740acab RouteDB: 0
Post Restoration Checksum: NetGraph: 23c10943 NumContArr: 14dc3bfc Constraints: 0 Timing: 0
Phase 1 Build RT Design | Checksum: 389d453f

Time (s): cpu = 00:00:08 ; elapsed = 00:00:12 . Memory (MB): peak = 1854.402 ; gain = 32.176

Phase 2 Router Initialization

Phase 2.1 Fix Topology Constraints
Phase 2.1 Fix Topology Constraints | Checksum: 389d453f

Time (s): cpu = 00:00:08 ; elapsed = 00:00:12 . Memory (MB): peak = 1860.406 ; gain = 38.180

Phase 2.2 Pre Route Cleanup
Phase 2.2 Pre Route Cleanup | Checksum: 389d453f

Time (s): cpu = 00:00:08 ; elapsed = 00:00:12 . Memory (MB): peak = 1860.406 ; gain = 38.180
 Number of Nodes with overlaps = 0

Phase 2.3 Update Timing
Phase 2.3 Update Timing | Checksum: 1a37b737d

Time (s): cpu = 00:00:09 ; elapsed = 00:00:12 . Memory (MB): peak = 1863.480 ; gain = 41.254
INFO: [Route 35-416] Intermediate Timing Summary | WNS=4.068  | TNS=0.000  | WHS=-0.015 | THS=-0.144 |


Router Utilization Summary
  Global Vertical Routing Utilization    = 0 %
  Global Horizontal Routing Utilization  = 0 %
  Routable Net Status*
  *Does not include unroutable nets such as driverless and loadless.
  Run report_route_status for detailed report.
  Number of Failed Nets               = 41
    (Failed Nets is the sum of unrouted and partially routed nets)
  Number of Unrouted Nets             = 41
  Number of Partially Routed Nets     = 0
  Number of Node Overlaps             = 0

Phase 2 Router Initialization | Checksum: 1a98535ce

Time (s): cpu = 00:00:09 ; elapsed = 00:00:12 . Memory (MB): peak = 1863.480 ; gain = 41.254

Phase 3 Initial Routing

Phase 3.1 Global Routing
Phase 3.1 Global Routing | Checksum: 1a98535ce

Time (s): cpu = 00:00:09 ; elapsed = 00:00:12 . Memory (MB): peak = 1863.480 ; gain = 41.254
Phase 3 Initial Routing | Checksum: 1c954f37c

Time (s): cpu = 00:00:09 ; elapsed = 00:00:12 . Memory (MB): peak = 1863.480 ; gain = 41.254

Phase 4 Rip-up And Reroute

Phase 4.1 Global Iteration 0
 Number of Nodes with overlaps = 2
 Number of Nodes with overlaps = 0
INFO: [Route 35-416] Intermediate Timing Summary | WNS=4.147  | TNS=0.000  | WHS=N/A    | THS=N/A    |

Phase 4.1 Global Iteration 0 | Checksum: 223ebb764

Time (s): cpu = 00:00:09 ; elapsed = 00:00:12 . Memory (MB): peak = 1863.480 ; gain = 41.254
Phase 4 Rip-up And Reroute | Checksum: 223ebb764

Time (s): cpu = 00:00:09 ; elapsed = 00:00:12 . Memory (MB): peak = 1863.480 ; gain = 41.254

Phase 5 Delay and Skew Optimization

Phase 5.1 Delay CleanUp
Phase 5.1 Delay CleanUp | Checksum: 223ebb764

Time (s): cpu = 00:00:09 ; elapsed = 00:00:12 . Memory (MB): peak = 1863.480 ; gain = 41.254

Phase 5.2 Clock Skew Optimization
Phase 5.2 Clock Skew Optimization | Checksum: 223ebb764

Time (s): cpu = 00:00:09 ; elapsed = 00:00:12 . Memory (MB): peak = 1863.480 ; gain = 41.254
Phase 5 Delay and Skew Optimization | Checksum: 223ebb764

Time (s): cpu = 00:00:09 ; elapsed = 00:00:12 . Memory (MB): peak = 1863.480 ; gain = 41.254

Phase 6 Post Hold Fix

Phase 6.1 Hold Fix Iter

Phase 6.1.1 Update Timing
Phase 6.1.1 Update Timing | Checksum: 22c5e1e8f

Time (s): cpu = 00:00:09 ; elapsed = 00:00:12 . Memory (MB): peak = 1863.480 ; gain = 41.254
INFO: [Route 35-416] Intermediate Timing Summary | WNS=4.300  | TNS=0.000  | WHS=0.246  | THS=0.000  |

Phase 6.1 Hold Fix Iter | Checksum: 22c5e1e8f

Time (s): cpu = 00:00:09 ; elapsed = 00:00:12 . Memory (MB): peak = 1863.480 ; gain = 41.254
Phase 6 Post Hold Fix | Checksum: 22c5e1e8f

Time (s): cpu = 00:00:09 ; elapsed = 00:00:12 . Memory (MB): peak = 1863.480 ; gain = 41.254

Phase 7 Route finalize

Router Utilization Summary
  Global Vertical Routing Utilization    = 0.00520833 %
  Global Horizontal Routing Utilization  = 0.0011489 %
  Routable Net Status*
  *Does not include unroutable nets such as driverless and loadless.
  Run report_route_status for detailed report.
  Number of Failed Nets               = 0
    (Failed Nets is the sum of unrouted and partially routed nets)
  Number of Unrouted Nets             = 0
  Number of Partially Routed Nets     = 0
  Number of Node Overlaps             = 0

Phase 7 Route finalize | Checksum: 1964bc279

Time (s): cpu = 00:00:09 ; elapsed = 00:00:12 . Memory (MB): peak = 1863.480 ; gain = 41.254

Phase 8 Verifying routed nets

 Verification completed successfully
Phase 8 Verifying routed nets | Checksum: 1964bc279

Time (s): cpu = 00:00:09 ; elapsed = 00:00:12 . Memory (MB): peak = 1864.441 ; gain = 42.215

Phase 9 Depositing Routes
Phase 9 Depositing Routes | Checksum: 11e3d8e20

Time (s): cpu = 00:00:09 ; elapsed = 00:00:12 . Memory (MB): peak = 1864.441 ; gain = 42.215

Phase 10 Post Router Timing
INFO: [Route 35-57] Estimated Timing Summary | WNS=4.300  | TNS=0.000  | WHS=0.246  | THS=0.000  |

INFO: [Route 35-327] The final timing numbers are based on the router estimated timing analysis. For a complete and accurate timing signoff, please run report_timing_summary.
Phase 10 Post Router Timing | Checksum: 11e3d8e20

Time (s): cpu = 00:00:09 ; elapsed = 00:00:12 . Memory (MB): peak = 1864.441 ; gain = 42.215
INFO: [Route 35-16] Router Completed Successfully

Time (s): cpu = 00:00:09 ; elapsed = 00:00:12 . Memory (MB): peak = 1864.441 ; gain = 42.215

Routing Is Done.
INFO: [Common 17-83] Releasing license: Implementation
83 Infos, 18 Warnings, 18 Critical Warnings and 0 Errors encountered.
route_design completed successfully
route_design: Time (s): cpu = 00:00:10 ; elapsed = 00:00:13 . Memory (MB): peak = 1864.441 ; gain = 51.379
INFO: [Timing 38-480] Writing timing data to binary archive.
Writing XDEF routing.
Writing XDEF routing logical nets.
Writing XDEF routing special nets.
Write XDEF Complete: Time (s): cpu = 00:00:00 ; elapsed = 00:00:00.047 . Memory (MB): peak = 1877.219 ; gain = 12.777
INFO: [Common 17-1381] The checkpoint 'C:/Users/athar/OneDrive/Documents/GitHub/lab-4-AtharvaPan265/Lab_4/Lab_4.runs/impl_1/Clock_div_routed.dcp' has been generated.
INFO: [runtcl-4] Executing : report_drc -file Clock_div_drc_routed.rpt -pb Clock_div_drc_routed.pb -rpx Clock_div_drc_routed.rpx
Command: report_drc -file Clock_div_drc_routed.rpt -pb Clock_div_drc_routed.pb -rpx Clock_div_drc_routed.rpx
INFO: [IP_Flow 19-1839] IP Catalog is up to date.
INFO: [DRC 23-27] Running DRC with 2 threads
INFO: [Vivado_Tcl 2-168] The results of DRC are in file C:/Users/athar/OneDrive/Documents/GitHub/lab-4-AtharvaPan265/Lab_4/Lab_4.runs/impl_1/Clock_div_drc_routed.rpt.
report_drc completed successfully
INFO: [runtcl-4] Executing : report_methodology -file Clock_div_methodology_drc_routed.rpt -pb Clock_div_methodology_drc_routed.pb -rpx Clock_div_methodology_drc_routed.rpx
Command: report_methodology -file Clock_div_methodology_drc_routed.rpt -pb Clock_div_methodology_drc_routed.pb -rpx Clock_div_methodology_drc_routed.rpx
INFO: [Timing 38-35] Done setting XDC timing constraints.
INFO: [DRC 23-133] Running Methodology with 2 threads
INFO: [Vivado_Tcl 2-1520] The results of Report Methodology are in file C:/Users/athar/OneDrive/Documents/GitHub/lab-4-AtharvaPan265/Lab_4/Lab_4.runs/impl_1/Clock_div_methodology_drc_routed.rpt.
report_methodology completed successfully
INFO: [runtcl-4] Executing : report_power -file Clock_div_power_routed.rpt -pb Clock_div_power_summary_routed.pb -rpx Clock_div_power_routed.rpx
Command: report_power -file Clock_div_power_routed.rpt -pb Clock_div_power_summary_routed.pb -rpx Clock_div_power_routed.rpx
INFO: [Timing 38-35] Done setting XDC timing constraints.
Running Vector-less Activity Propagation...

Finished Running Vector-less Activity Propagation
95 Infos, 18 Warnings, 18 Critical Warnings and 0 Errors encountered.
report_power completed successfully
INFO: [runtcl-4] Executing : report_route_status -file Clock_div_route_status.rpt -pb Clock_div_route_status.pb
INFO: [runtcl-4] Executing : report_timing_summary -max_paths 10 -report_unconstrained -file Clock_div_timing_summary_routed.rpt -pb Clock_div_timing_summary_routed.pb -rpx Clock_div_timing_summary_routed.rpx -warn_on_violation 
INFO: [Timing 38-91] UpdateTimingParams: Speed grade: -1, Delay Type: min_max.
INFO: [Timing 38-191] Multithreading enabled for timing update using a maximum of 2 CPUs
INFO: [runtcl-4] Executing : report_incremental_reuse -file Clock_div_incremental_reuse_routed.rpt
INFO: [Vivado_Tcl 4-1062] Incremental flow is disabled. No incremental reuse Info to report.
INFO: [runtcl-4] Executing : report_clock_utilization -file Clock_div_clock_utilization_routed.rpt
INFO: [runtcl-4] Executing : report_bus_skew -warn_on_violation -file Clock_div_bus_skew_routed.rpt -pb Clock_div_bus_skew_routed.pb -rpx Clock_div_bus_skew_routed.rpx
INFO: [Timing 38-91] UpdateTimingParams: Speed grade: -1, Delay Type: min_max.
INFO: [Timing 38-191] Multithreading enabled for timing update using a maximum of 2 CPUs
INFO: [Common 17-206] Exiting Vivado at Fri Apr  7 22:37:16 2023...
